Broken link: /gh-dash/_astro/help.BFU_n1Fw_1C3ayU.webp
  Found in:
    - /index
Broken link: /gh-dash/_astro/catpuccin.khHHAMMZ_Z1ALwW9.webp
  Found in:
    - /index
Broken link: /gh-dash/_astro/gruv.CzhBds07_IecgG.webp
  Found in:
    - /index
Broken link: /gh-dash/_astro/tokyo.C3tzrPg-_1pmuGn.webp
  Found in:
    - /index
Broken link: /gh-dash/_astro/charm-vid-preview.CBlD9JU1_ucMhq.webp
  Found in:
    - /index
Broken link: /gh-dash/getting-started/
  Found in:
    - /contributing/
    - /configuration/
    - /donating/
    - /getting-started/
    - /configuration/defaults/
    - /configuration/examples/
    - /configuration/issue-section/
    - /configuration/keybindings/
    - /configuration/pr-section/
    - /configuration/repo-paths/
    - /configuration/searching/
    - /configuration/schema/
    - /configuration/theme/
    - /getting-started/usage/
    - /getting-started/keybindings/
    - /configuration/keybindings/prs/
    - /configuration/layout/issue/
    - /configuration/keybindings/issues/
    - /configuration/layout/options/
    - /configuration/layout/pr/
    - /getting-started/keybindings/preview/
    - /getting-started/keybindings/global/
    - /getting-started/keybindings/navigation/
    - /getting-started/keybindings/selected-issue/
    - /getting-started/keybindings/selected-item/
    - /getting-started/keybindings/selected-pr/
Broken link: /gh-dash/getting-started/usage/
  Found in:
    - /contributing/
    - /configuration/
    - /donating/
    - /getting-started/
    - /configuration/defaults/
    - /configuration/examples/
    - /configuration/issue-section/
    - /configuration/keybindings/
    - /configuration/pr-section/
    - /configuration/repo-paths/
    - /configuration/searching/
    - /configuration/schema/
    - /configuration/theme/
    - /getting-started/usage/
    - /getting-started/keybindings/
    - /configuration/keybindings/prs/
    - /configuration/layout/issue/
    - /configuration/keybindings/issues/
    - /configuration/layout/options/
    - /configuration/layout/pr/
    - /getting-started/keybindings/preview/
    - /getting-started/keybindings/global/
    - /getting-started/keybindings/navigation/
    - /getting-started/keybindings/selected-issue/
    - /getting-started/keybindings/selected-item/
    - /getting-started/keybindings/selected-pr/
Broken link: /gh-dash/getting-started/keybindings/
  Found in:
    - /contributing/
    - /configuration/
    - /donating/
    - /getting-started/
    - /configuration/defaults/
    - /configuration/examples/
    - /configuration/issue-section/
    - /configuration/keybindings/
    - /configuration/pr-section/
    - /configuration/repo-paths/
    - /configuration/searching/
    - /configuration/schema/
    - /configuration/theme/
    - /getting-started/usage/
    - /getting-started/keybindings/
    - /configuration/keybindings/prs/
    - /configuration/layout/issue/
    - /configuration/keybindings/issues/
    - /configuration/layout/options/
    - /configuration/layout/pr/
    - /getting-started/keybindings/preview/
    - /getting-started/keybindings/global/
    - /getting-started/keybindings/navigation/
    - /getting-started/keybindings/selected-issue/
    - /getting-started/keybindings/selected-item/
    - /getting-started/keybindings/selected-pr/
Broken link: /gh-dash/getting-started/keybindings/global/
  Found in:
    - /contributing/
    - /configuration/
    - /donating/
    - /getting-started/
    - /configuration/defaults/
    - /configuration/examples/
    - /configuration/issue-section/
    - /configuration/keybindings/
    - /configuration/pr-section/
    - /configuration/repo-paths/
    - /configuration/searching/
    - /configuration/schema/
    - /configuration/theme/
    - /getting-started/usage/
    - /getting-started/keybindings/
    - /configuration/keybindings/prs/
    - /configuration/layout/issue/
    - /configuration/keybindings/issues/
    - /configuration/layout/options/
    - /configuration/layout/pr/
    - /getting-started/keybindings/preview/
    - /getting-started/keybindings/global/
    - /getting-started/keybindings/navigation/
    - /getting-started/keybindings/selected-issue/
    - /getting-started/keybindings/selected-item/
    - /getting-started/keybindings/selected-pr/
Broken link: /gh-dash/getting-started/keybindings/navigation/
  Found in:
    - /contributing/
    - /configuration/
    - /donating/
    - /getting-started/
    - /configuration/defaults/
    - /configuration/examples/
    - /configuration/issue-section/
    - /configuration/keybindings/
    - /configuration/pr-section/
    - /configuration/repo-paths/
    - /configuration/searching/
    - /configuration/schema/
    - /configuration/theme/
    - /getting-started/usage/
    - /getting-started/keybindings/
    - /configuration/keybindings/prs/
    - /configuration/layout/issue/
    - /configuration/keybindings/issues/
    - /configuration/layout/options/
    - /configuration/layout/pr/
    - /getting-started/keybindings/preview/
    - /getting-started/keybindings/global/
    - /getting-started/keybindings/navigation/
    - /getting-started/keybindings/selected-issue/
    - /getting-started/keybindings/selected-item/
    - /getting-started/keybindings/selected-pr/
Broken link: /gh-dash/getting-started/keybindings/preview/
  Found in:
    - /contributing/
    - /configuration/
    - /donating/
    - /getting-started/
    - /configuration/defaults/
    - /configuration/examples/
    - /configuration/issue-section/
    - /configuration/keybindings/
    - /configuration/pr-section/
    - /configuration/repo-paths/
    - /configuration/searching/
    - /configuration/schema/
    - /configuration/theme/
    - /getting-started/usage/
    - /getting-started/keybindings/
    - /configuration/keybindings/prs/
    - /configuration/layout/issue/
    - /configuration/keybindings/issues/
    - /configuration/layout/options/
    - /configuration/layout/pr/
    - /getting-started/keybindings/preview/
    - /getting-started/keybindings/global/
    - /getting-started/keybindings/navigation/
    - /getting-started/keybindings/selected-issue/
    - /getting-started/keybindings/selected-item/
    - /getting-started/keybindings/selected-pr/
Broken link: /gh-dash/getting-started/keybindings/selected-issue/
  Found in:
    - /contributing/
    - /configuration/
    - /donating/
    - /getting-started/
    - /configuration/defaults/
    - /configuration/examples/
    - /configuration/issue-section/
    - /configuration/keybindings/
    - /configuration/pr-section/
    - /configuration/repo-paths/
    - /configuration/searching/
    - /configuration/schema/
    - /configuration/theme/
    - /getting-started/usage/
    - /getting-started/keybindings/
    - /configuration/keybindings/prs/
    - /configuration/layout/issue/
    - /configuration/keybindings/issues/
    - /configuration/layout/options/
    - /configuration/layout/pr/
    - /getting-started/keybindings/preview/
    - /getting-started/keybindings/global/
    - /getting-started/keybindings/navigation/
    - /getting-started/keybindings/selected-issue/
    - /getting-started/keybindings/selected-item/
    - /getting-started/keybindings/selected-pr/
Broken link: /gh-dash/getting-started/keybindings/selected-item/
  Found in:
    - /contributing/
    - /configuration/
    - /donating/
    - /getting-started/
    - /configuration/defaults/
    - /configuration/examples/
    - /configuration/issue-section/
    - /configuration/keybindings/
    - /configuration/pr-section/
    - /configuration/repo-paths/
    - /configuration/searching/
    - /configuration/schema/
    - /configuration/theme/
    - /getting-started/usage/
    - /getting-started/keybindings/
    - /configuration/keybindings/prs/
    - /configuration/layout/issue/
    - /configuration/keybindings/issues/
    - /configuration/layout/options/
    - /configuration/layout/pr/
    - /getting-started/keybindings/preview/
    - /getting-started/keybindings/global/
    - /getting-started/keybindings/navigation/
    - /getting-started/keybindings/selected-issue/
    - /getting-started/keybindings/selected-item/
    - /getting-started/keybindings/selected-pr/
Broken link: /gh-dash/getting-started/keybindings/selected-pr/
  Found in:
    - /contributing/
    - /configuration/
    - /donating/
    - /getting-started/
    - /configuration/defaults/
    - /configuration/examples/
    - /configuration/issue-section/
    - /configuration/keybindings/
    - /configuration/pr-section/
    - /configuration/repo-paths/
    - /configuration/searching/
    - /configuration/schema/
    - /configuration/theme/
    - /getting-started/usage/
    - /getting-started/keybindings/
    - /configuration/keybindings/prs/
    - /configuration/layout/issue/
    - /configuration/keybindings/issues/
    - /configuration/layout/options/
    - /configuration/layout/pr/
    - /getting-started/keybindings/preview/
    - /getting-started/keybindings/global/
    - /getting-started/keybindings/navigation/
    - /getting-started/keybindings/selected-issue/
    - /getting-started/keybindings/selected-item/
    - /getting-started/keybindings/selected-pr/
Broken link: /gh-dash/configuration/
  Found in:
    - /contributing/
    - /configuration/
    - /donating/
    - /getting-started/
    - /configuration/defaults/
    - /configuration/examples/
    - /configuration/issue-section/
    - /configuration/keybindings/
    - /configuration/pr-section/
    - /configuration/repo-paths/
    - /configuration/searching/
    - /configuration/schema/
    - /configuration/theme/
    - /getting-started/usage/
    - /getting-started/keybindings/
    - /configuration/keybindings/prs/
    - /configuration/layout/issue/
    - /configuration/keybindings/issues/
    - /configuration/layout/options/
    - /configuration/layout/pr/
    - /getting-started/keybindings/preview/
    - /getting-started/keybindings/global/
    - /getting-started/keybindings/navigation/
    - /getting-started/keybindings/selected-issue/
    - /getting-started/keybindings/selected-item/
    - /getting-started/keybindings/selected-pr/
Broken link: /gh-dash/configuration/examples/
  Found in:
    - /contributing/
    - /configuration/
    - /donating/
    - /getting-started/
    - /configuration/defaults/
    - /configuration/examples/
    - /configuration/issue-section/
    - /configuration/keybindings/
    - /configuration/pr-section/
    - /configuration/repo-paths/
    - /configuration/searching/
    - /configuration/schema/
    - /configuration/theme/
    - /getting-started/usage/
    - /getting-started/keybindings/
    - /configuration/keybindings/prs/
    - /configuration/layout/issue/
    - /configuration/keybindings/issues/
    - /configuration/layout/options/
    - /configuration/layout/pr/
    - /getting-started/keybindings/preview/
    - /getting-started/keybindings/global/
    - /getting-started/keybindings/navigation/
    - /getting-started/keybindings/selected-issue/
    - /getting-started/keybindings/selected-item/
    - /getting-started/keybindings/selected-pr/
Broken link: /gh-dash/configuration/schema/
  Found in:
    - /contributing/
    - /configuration/
    - /donating/
    - /getting-started/
    - /configuration/defaults/
    - /configuration/examples/
    - /configuration/issue-section/
    - /configuration/keybindings/
    - /configuration/pr-section/
    - /configuration/repo-paths/
    - /configuration/searching/
    - /configuration/schema/
    - /configuration/theme/
    - /getting-started/usage/
    - /getting-started/keybindings/
    - /configuration/keybindings/prs/
    - /configuration/layout/issue/
    - /configuration/keybindings/issues/
    - /configuration/layout/options/
    - /configuration/layout/pr/
    - /getting-started/keybindings/preview/
    - /getting-started/keybindings/global/
    - /getting-started/keybindings/navigation/
    - /getting-started/keybindings/selected-issue/
    - /getting-started/keybindings/selected-item/
    - /getting-started/keybindings/selected-pr/
Broken link: /gh-dash/configuration/defaults/
  Found in:
    - /contributing/
    - /configuration/
    - /donating/
    - /getting-started/
    - /configuration/defaults/
    - /configuration/examples/
    - /configuration/issue-section/
    - /configuration/keybindings/
    - /configuration/pr-section/
    - /configuration/repo-paths/
    - /configuration/searching/
    - /configuration/schema/
    - /configuration/theme/
    - /getting-started/usage/
    - /getting-started/keybindings/
    - /configuration/keybindings/prs/
    - /configuration/layout/issue/
    - /configuration/keybindings/issues/
    - /configuration/layout/options/
    - /configuration/layout/pr/
    - /getting-started/keybindings/preview/
    - /getting-started/keybindings/global/
    - /getting-started/keybindings/navigation/
    - /getting-started/keybindings/selected-issue/
    - /getting-started/keybindings/selected-item/
    - /getting-started/keybindings/selected-pr/
Broken link: /gh-dash/configuration/searching/
  Found in:
    - /contributing/
    - /configuration/
    - /donating/
    - /getting-started/
    - /configuration/defaults/
    - /configuration/examples/
    - /configuration/issue-section/
    - /configuration/keybindings/
    - /configuration/pr-section/
    - /configuration/repo-paths/
    - /configuration/searching/
    - /configuration/schema/
    - /configuration/theme/
    - /getting-started/usage/
    - /getting-started/keybindings/
    - /configuration/keybindings/prs/
    - /configuration/layout/issue/
    - /configuration/keybindings/issues/
    - /configuration/layout/options/
    - /configuration/layout/pr/
    - /getting-started/keybindings/preview/
    - /getting-started/keybindings/global/
    - /getting-started/keybindings/navigation/
    - /getting-started/keybindings/selected-issue/
    - /getting-started/keybindings/selected-item/
    - /getting-started/keybindings/selected-pr/
Broken link: /gh-dash/configuration/pr-section/
  Found in:
    - /contributing/
    - /configuration/
    - /donating/
    - /getting-started/
    - /configuration/defaults/
    - /configuration/examples/
    - /configuration/issue-section/
    - /configuration/keybindings/
    - /configuration/pr-section/
    - /configuration/repo-paths/
    - /configuration/searching/
    - /configuration/schema/
    - /configuration/theme/
    - /getting-started/usage/
    - /getting-started/keybindings/
    - /configuration/keybindings/prs/
    - /configuration/layout/issue/
    - /configuration/keybindings/issues/
    - /configuration/layout/options/
    - /configuration/layout/pr/
    - /getting-started/keybindings/preview/
    - /getting-started/keybindings/global/
    - /getting-started/keybindings/navigation/
    - /getting-started/keybindings/selected-issue/
    - /getting-started/keybindings/selected-item/
    - /getting-started/keybindings/selected-pr/
Broken link: /gh-dash/configuration/issue-section/
  Found in:
    - /contributing/
    - /configuration/
    - /donating/
    - /getting-started/
    - /configuration/defaults/
    - /configuration/examples/
    - /configuration/issue-section/
    - /configuration/keybindings/
    - /configuration/pr-section/
    - /configuration/repo-paths/
    - /configuration/searching/
    - /configuration/schema/
    - /configuration/theme/
    - /getting-started/usage/
    - /getting-started/keybindings/
    - /configuration/keybindings/prs/
    - /configuration/layout/issue/
    - /configuration/keybindings/issues/
    - /configuration/layout/options/
    - /configuration/layout/pr/
    - /getting-started/keybindings/preview/
    - /getting-started/keybindings/global/
    - /getting-started/keybindings/navigation/
    - /getting-started/keybindings/selected-issue/
    - /getting-started/keybindings/selected-item/
    - /getting-started/keybindings/selected-pr/
Broken link: /gh-dash/configuration/repo-paths/
  Found in:
    - /contributing/
    - /configuration/
    - /donating/
    - /getting-started/
    - /configuration/defaults/
    - /configuration/examples/
    - /configuration/issue-section/
    - /configuration/keybindings/
    - /configuration/pr-section/
    - /configuration/repo-paths/
    - /configuration/searching/
    - /configuration/schema/
    - /configuration/theme/
    - /getting-started/usage/
    - /getting-started/keybindings/
    - /configuration/keybindings/prs/
    - /configuration/layout/issue/
    - /configuration/keybindings/issues/
    - /configuration/layout/options/
    - /configuration/layout/pr/
    - /getting-started/keybindings/preview/
    - /getting-started/keybindings/global/
    - /getting-started/keybindings/navigation/
    - /getting-started/keybindings/selected-issue/
    - /getting-started/keybindings/selected-item/
    - /getting-started/keybindings/selected-pr/
Broken link: /gh-dash/configuration/keybindings/
  Found in:
    - /contributing/
    - /configuration/
    - /donating/
    - /getting-started/
    - /configuration/defaults/
    - /configuration/examples/
    - /configuration/issue-section/
    - /configuration/keybindings/
    - /configuration/pr-section/
    - /configuration/repo-paths/
    - /configuration/searching/
    - /configuration/schema/
    - /configuration/theme/
    - /getting-started/usage/
    - /getting-started/keybindings/
    - /configuration/keybindings/prs/
    - /configuration/layout/issue/
    - /configuration/keybindings/issues/
    - /configuration/layout/options/
    - /configuration/layout/pr/
    - /getting-started/keybindings/preview/
    - /getting-started/keybindings/global/
    - /getting-started/keybindings/navigation/
    - /getting-started/keybindings/selected-issue/
    - /getting-started/keybindings/selected-item/
    - /getting-started/keybindings/selected-pr/
Broken link: /gh-dash/configuration/theme/
  Found in:
    - /contributing/
    - /configuration/
    - /donating/
    - /getting-started/
    - /configuration/defaults/
    - /configuration/examples/
    - /configuration/issue-section/
    - /configuration/keybindings/
    - /configuration/pr-section/
    - /configuration/repo-paths/
    - /configuration/searching/
    - /configuration/schema/
    - /configuration/theme/
    - /getting-started/usage/
    - /getting-started/keybindings/
    - /configuration/keybindings/prs/
    - /configuration/layout/issue/
    - /configuration/keybindings/issues/
    - /configuration/layout/options/
    - /configuration/layout/pr/
    - /getting-started/keybindings/preview/
    - /getting-started/keybindings/global/
    - /getting-started/keybindings/navigation/
    - /getting-started/keybindings/selected-issue/
    - /getting-started/keybindings/selected-item/
    - /getting-started/keybindings/selected-pr/
Broken link: /gh-dash/configuration/layout/options/
  Found in:
    - /contributing/
    - /configuration/
    - /donating/
    - /getting-started/
    - /configuration/defaults/
    - /configuration/examples/
    - /configuration/issue-section/
    - /configuration/keybindings/
    - /configuration/pr-section/
    - /configuration/repo-paths/
    - /configuration/searching/
    - /configuration/schema/
    - /configuration/theme/
    - /getting-started/usage/
    - /getting-started/keybindings/
    - /configuration/keybindings/prs/
    - /configuration/layout/issue/
    - /configuration/keybindings/issues/
    - /configuration/layout/options/
    - /configuration/layout/pr/
    - /getting-started/keybindings/preview/
    - /getting-started/keybindings/global/
    - /getting-started/keybindings/navigation/
    - /getting-started/keybindings/selected-issue/
    - /getting-started/keybindings/selected-item/
    - /getting-started/keybindings/selected-pr/
Broken link: /gh-dash/configuration/layout/pr/
  Found in:
    - /contributing/
    - /configuration/
    - /donating/
    - /getting-started/
    - /configuration/defaults/
    - /configuration/examples/
    - /configuration/issue-section/
    - /configuration/keybindings/
    - /configuration/pr-section/
    - /configuration/repo-paths/
    - /configuration/searching/
    - /configuration/schema/
    - /configuration/theme/
    - /getting-started/usage/
    - /getting-started/keybindings/
    - /configuration/keybindings/prs/
    - /configuration/layout/issue/
    - /configuration/keybindings/issues/
    - /configuration/layout/options/
    - /configuration/layout/pr/
    - /getting-started/keybindings/preview/
    - /getting-started/keybindings/global/
    - /getting-started/keybindings/navigation/
    - /getting-started/keybindings/selected-issue/
    - /getting-started/keybindings/selected-item/
    - /getting-started/keybindings/selected-pr/
Broken link: /gh-dash/configuration/layout/issue/
  Found in:
    - /contributing/
    - /configuration/
    - /donating/
    - /getting-started/
    - /configuration/defaults/
    - /configuration/examples/
    - /configuration/issue-section/
    - /configuration/keybindings/
    - /configuration/pr-section/
    - /configuration/repo-paths/
    - /configuration/searching/
    - /configuration/schema/
    - /configuration/theme/
    - /getting-started/usage/
    - /getting-started/keybindings/
    - /configuration/keybindings/prs/
    - /configuration/layout/issue/
    - /configuration/keybindings/issues/
    - /configuration/layout/options/
    - /configuration/layout/pr/
    - /getting-started/keybindings/preview/
    - /getting-started/keybindings/global/
    - /getting-started/keybindings/navigation/
    - /getting-started/keybindings/selected-issue/
    - /getting-started/keybindings/selected-item/
    - /getting-started/keybindings/selected-pr/
Broken link: /gh-dash/contributing/
  Found in:
    - /contributing/
    - /configuration/
    - /donating/
    - /getting-started/
    - /configuration/defaults/
    - /configuration/examples/
    - /configuration/issue-section/
    - /configuration/keybindings/
    - /configuration/pr-section/
    - /configuration/repo-paths/
    - /configuration/searching/
    - /configuration/schema/
    - /configuration/theme/
    - /getting-started/usage/
    - /getting-started/keybindings/
    - /configuration/keybindings/prs/
    - /configuration/layout/issue/
    - /configuration/keybindings/issues/
    - /configuration/layout/options/
    - /configuration/layout/pr/
    - /getting-started/keybindings/preview/
    - /getting-started/keybindings/global/
    - /getting-started/keybindings/navigation/
    - /getting-started/keybindings/selected-issue/
    - /getting-started/keybindings/selected-item/
    - /getting-started/keybindings/selected-pr/
Broken link: /gh-dash/donating/
  Found in:
    - /contributing/
    - /configuration/
    - /donating/
    - /getting-started/
    - /configuration/defaults/
    - /configuration/examples/
    - /configuration/issue-section/
    - /configuration/keybindings/
    - /configuration/pr-section/
    - /configuration/repo-paths/
    - /configuration/searching/
    - /configuration/schema/
    - /configuration/theme/
    - /getting-started/usage/
    - /getting-started/keybindings/
    - /configuration/keybindings/prs/
    - /configuration/layout/issue/
    - /configuration/keybindings/issues/
    - /configuration/layout/options/
    - /configuration/layout/pr/
    - /getting-started/keybindings/preview/
    - /getting-started/keybindings/global/
    - /getting-started/keybindings/navigation/
    - /getting-started/keybindings/selected-issue/
    - /getting-started/keybindings/selected-item/
    - /getting-started/keybindings/selected-pr/